<?xml version="1.0" encoding="utf-8"?><testsuites name="pytest tests"><testsuite name="pytest" errors="0" failures="0" skipped="0" tests="15" time="19.049" timestamp="2026-03-31T10:25:09.136743+00:00" hostname="agent-env-6e498cba-daef-4b50-b59f-9156320ad1db"><testcase classname="tests.test_dashboard_status.TestStatusOverviewAPI" name="test_status_overview_returns_200" time="8.249" /><testcase classname="tests.test_dashboard_status.TestStatusOverviewAPI" name="test_status_overview_has_totals" time="0.109" /><testcase classname="tests.test_dashboard_status.TestStatusOverviewAPI" name="test_status_overview_total_greater_than_zero" time="0.105" /><testcase classname="tests.test_dashboard_status.TestStatusOverviewAPI" name="test_status_overview_percent_ready" time="0.100" /><testcase classname="tests.test_dashboard_status.TestStatusOverviewAPI" name="test_status_overview_ready_count" time="0.097" /><testcase classname="tests.test_dashboard_status.TestStatusOverviewAPI" name="test_status_overview_no_error_flag" time="0.106" /><testcase classname="tests.test_dashboard_status.TestStatusOverviewAPI" name="test_status_overview_has_total_subscribers" time="0.095" /><testcase classname="tests.test_dashboard_status.TestExpiringExpiredBPAPI" name="test_expiring_bp_returns_200" time="9.180" /><testcase classname="tests.test_dashboard_status.TestExpiringExpiredBPAPI" name="test_expiring_bp_has_devices_array" time="0.124" /><testcase classname="tests.test_dashboard_status.TestExpiringExpiredBPAPI" name="test_expiring_bp_devices_not_empty" time="0.107" /><testcase classname="tests.test_dashboard_status.TestExpiringExpiredBPAPI" name="test_expiring_bp_device_structure" time="0.155" /><testcase classname="tests.test_dashboard_status.TestExpiringExpiredBPAPI" name="test_expiring_bp_has_totals" time="0.111" /><testcase classname="tests.test_dashboard_status.TestExpiringExpiredBPAPI" name="test_expiring_bp_no_error_flag" time="0.112" /><testcase classname="tests.test_dashboard_status.TestCachePreWarming" name="test_immediate_response_after_health_check" time="0.204" /><testcase classname="tests.test_dashboard_status.TestHealthEndpoint" name="test_health_returns_200" time="0.093" /></testsuite></testsuites>