<?xml version="1.0" encoding="utf-8"?><testsuites name="pytest tests"><testsuite name="pytest" errors="0" failures="0" skipped="0" tests="15" time="6.508" timestamp="2026-03-29T19:20:27.707092+00:00" hostname="agent-env-6e498cba-daef-4b50-b59f-9156320ad1db"><testcase classname="backend.tests.test_hybrid_training.TestHealthCheck" name="test_api_health" time="0.190" /><testcase classname="backend.tests.test_hybrid_training.TestAdminLoginWithHybridTraining" name="test_admin_login_has_hybrid_training" time="0.242" /><testcase classname="backend.tests.test_hybrid_training.TestAdminLoginWithHybridTraining" name="test_standard_user_has_hybrid_training" time="0.443" /><testcase classname="backend.tests.test_hybrid_training.TestTrainingSync" name="test_sync_feedbacks_returns_synced_total" time="0.808" /><testcase classname="backend.tests.test_hybrid_training.TestTrainingSync" name="test_sync_requires_admin" time="0.425" /><testcase classname="backend.tests.test_hybrid_training.TestTrainingFeedbacks" name="test_list_feedbacks_returns_array" time="0.504" /><testcase classname="backend.tests.test_hybrid_training.TestTrainingFeedbacks" name="test_feedbacks_have_pending_status" time="0.516" /><testcase classname="backend.tests.test_hybrid_training.TestTrainingStats" name="test_stats_returns_queue_pending" time="0.310" /><testcase classname="backend.tests.test_hybrid_training.TestTrainingUpdates" name="test_updates_returns_array" time="0.237" /><testcase classname="backend.tests.test_hybrid_training.TestTrainingMonitors" name="test_monitors_returns_array" time="0.260" /><testcase classname="backend.tests.test_hybrid_training.TestAnalyzeAndApplyFlow" name="test_analyze_feedback_creates_updates" time="0.624" /><testcase classname="backend.tests.test_hybrid_training.TestAnalyzeAndApplyFlow" name="test_apply_update_changes_status" time="0.676" /><testcase classname="backend.tests.test_hybrid_training.TestErrorHandling" name="test_analyze_nonexistent_feedback" time="0.239" /><testcase classname="backend.tests.test_hybrid_training.TestErrorHandling" name="test_apply_nonexistent_update" time="0.247" /><testcase classname="backend.tests.test_hybrid_training.TestErrorHandling" name="test_unauthenticated_access_denied" time="0.708" /></testsuite></testsuites>