<?xml version="1.0" encoding="utf-8"?><testsuites name="pytest tests"><testsuite name="pytest" errors="0" failures="0" skipped="0" tests="22" time="13.096" timestamp="2026-03-24T09:28:49.059996+00:00" hostname="agent-env-1026d1ff-501f-4110-be27-02d5fc43c538"><testcase classname="backend.tests.test_admin_user_management.TestHealthCheck" name="test_api_health" time="0.132" /><testcase classname="backend.tests.test_admin_user_management.TestAuthentication" name="test_admin_login_success" time="0.329" /><testcase classname="backend.tests.test_admin_user_management.TestAuthentication" name="test_regular_user_login_success" time="0.352" /><testcase classname="backend.tests.test_admin_user_management.TestAuthentication" name="test_login_invalid_credentials" time="0.103" /><testcase classname="backend.tests.test_admin_user_management.TestAuthentication" name="test_login_wrong_password" time="0.319" /><testcase classname="backend.tests.test_admin_user_management.TestAdminUserManagement" name="test_list_users" time="0.409" /><testcase classname="backend.tests.test_admin_user_management.TestAdminUserManagement" name="test_get_modules" time="0.482" /><testcase classname="backend.tests.test_admin_user_management.TestAdminUserManagement" name="test_create_user" time="1.054" /><testcase classname="backend.tests.test_admin_user_management.TestAdminUserManagement" name="test_create_user_duplicate_username" time="0.416" /><testcase classname="backend.tests.test_admin_user_management.TestAdminUserManagement" name="test_update_user" time="1.140" /><testcase classname="backend.tests.test_admin_user_management.TestAdminUserManagement" name="test_update_user_password" time="1.733" /><testcase classname="backend.tests.test_admin_user_management.TestAdminUserManagement" name="test_delete_user" time="0.931" /><testcase classname="backend.tests.test_admin_user_management.TestAdminUserManagement" name="test_cannot_delete_admin" time="0.438" /><testcase classname="backend.tests.test_admin_user_management.TestAdminUserManagement" name="test_delete_nonexistent_user" time="0.422" /><testcase classname="backend.tests.test_admin_user_management.TestRoleBasedAccess" name="test_regular_user_cannot_list_users" time="0.725" /><testcase classname="backend.tests.test_admin_user_management.TestRoleBasedAccess" name="test_regular_user_cannot_create_user" time="0.730" /><testcase classname="backend.tests.test_admin_user_management.TestRoleBasedAccess" name="test_regular_user_cannot_delete_user" time="0.776" /><testcase classname="backend.tests.test_admin_user_management.TestRoleBasedAccess" name="test_regular_user_cannot_get_modules" time="0.735" /><testcase classname="backend.tests.test_admin_user_management.TestRoleBasedAccess" name="test_unauthenticated_cannot_access_admin" time="0.736" /><testcase classname="backend.tests.test_admin_user_management.TestUserModuleAccess" name="test_admin_has_user_access_module" time="0.321" /><testcase classname="backend.tests.test_admin_user_management.TestUserModuleAccess" name="test_regular_user_no_user_access_module" time="0.315" /><testcase classname="backend.tests.test_admin_user_management.TestUserModuleAccess" name="test_all_seeded_users_have_correct_modules" time="0.418" /></testsuite></testsuites>