<?xml version="1.0" encoding="utf-8"?><testsuites name="pytest tests"><testsuite name="pytest" errors="0" failures="0" skipped="0" tests="13" time="20.001" timestamp="2026-04-02T16:15:18.807769+00:00" hostname="agent-env-6e498cba-daef-4b50-b59f-9156320ad1db"><testcase classname="tests.test_service_console_bugs.TestServiceConsolePerformance" name="test_console_data_returns_200" time="17.002" /><testcase classname="tests.test_service_console_bugs.TestServiceConsolePerformance" name="test_console_data_load_time_under_5_seconds" time="0.132" /><testcase classname="tests.test_service_console_bugs.TestServiceConsolePerformance" name="test_console_data_has_subscribers_array" time="0.118" /><testcase classname="tests.test_service_console_bugs.TestServiceConsolePerformance" name="test_console_data_has_stats" time="0.128" /><testcase classname="tests.test_service_console_bugs.TestFieldTechs" name="test_list_field_techs_returns_200" time="0.203" /><testcase classname="tests.test_service_console_bugs.TestFieldTechs" name="test_list_field_techs_returns_array" time="0.112" /><testcase classname="tests.test_service_console_bugs.TestFieldTechs" name="test_field_techs_have_required_fields" time="0.099" /><testcase classname="tests.test_service_console_bugs.TestDispatchEmailFallback" name="test_dispatch_with_tech_email_provided" time="0.755" /><testcase classname="tests.test_service_console_bugs.TestDispatchEmailFallback" name="test_dispatch_resolves_email_from_field_techs" time="0.575" /><testcase classname="tests.test_service_console_bugs.TestDispatchEmailFallback" name="test_dispatch_existing_open_ticket_without_email" time="0.433" /><testcase classname="tests.test_service_console_bugs.TestLoginFlow" name="test_login_returns_access_token" time="0.160" /><testcase classname="tests.test_service_console_bugs.TestLoginFlow" name="test_login_invalid_credentials" time="0.119" /><testcase classname="tests.test_service_console_bugs.TestHealthEndpoint" name="test_health_returns_ok" time="0.100" /></testsuite></testsuites>